[DEBUG] 2019-12-01 15:31:20.357 [main] log4j - Логнат
[INFO ] 2019-12-01 15:31:20.359 [main] log4j - Успешно влязъл
[WARN ] 2019-12-01 15:31:20.359 [main] log4j - Внимание
[ERROR] 2019-12-01 15:31:20.359 [main] log4j - Появи се грешка при логване
[FATAL] 2019-12-01 15:31:20.359 [main] log4j - Грешни данни
[DEBUG] 2019-12-01 15:46:17.800 [main] log4j - Логнат
[INFO ] 2019-12-01 15:46:17.802 [main] log4j - Успешно влязъл
[WARN ] 2019-12-01 15:46:17.803 [main] log4j - Внимание
[ERROR] 2019-12-01 15:46:17.803 [main] log4j - Появи се грешка при логване
[FATAL] 2019-12-01 15:46:17.804 [main] log4j - Грешни данни
[DEBUG] 2019-12-01 15:54:29.171 [main] log4j - Логнат
[INFO ] 2019-12-01 15:54:29.172 [main] log4j - Успешно влязъл
[WARN ] 2019-12-01 15:54:29.172 [main] log4j - Внимание
[ERROR] 2019-12-01 15:54:29.172 [main] log4j - Появи се грешка при логване
[FATAL] 2019-12-01 15:54:29.173 [main] log4j - Грешни данни
[DEBUG] 2019-12-03 19:48:03.153 [main] log4j - Логнат
[INFO ] 2019-12-03 19:48:03.154 [main] log4j - Успешно влязъл
[WARN ] 2019-12-03 19:48:03.155 [main] log4j - Внимание
[ERROR] 2019-12-03 19:48:03.155 [main] log4j - Появи се грешка при логване
[FATAL] 2019-12-03 19:48:03.155 [main] log4j - Грешни данни
[DEBUG] 2019-12-03 19:50:08.003 [main] log4j - Логнат
[INFO ] 2019-12-03 19:50:08.004 [main] log4j - Успешно влязъл
[WARN ] 2019-12-03 19:50:08.004 [main] log4j - Внимание
[ERROR] 2019-12-03 19:50:08.005 [main] log4j - Появи се грешка при логване
[FATAL] 2019-12-03 19:50:08.005 [main] log4j - Грешни данни
[DEBUG] 2019-12-03 20:48:13.365 [main] log4j - Логнат
[INFO ] 2019-12-03 20:48:13.367 [main] log4j - Успешно влязъл
[WARN ] 2019-12-03 20:48:13.367 [main] log4j - Внимание
[ERROR] 2019-12-03 20:48:13.367 [main] log4j - Появи се грешка при логване
[FATAL] 2019-12-03 20:48:13.367 [main] log4j - Грешни данни
[DEBUG] 2019-12-03 21:04:53.892 [main] log4j - Логнат
[INFO ] 2019-12-03 21:04:53.893 [main] log4j - Успешно влязъл
[WARN ] 2019-12-03 21:04:53.894 [main] log4j - Внимание
[ERROR] 2019-12-03 21:04:53.894 [main] log4j - Появи се грешка при логване
[FATAL] 2019-12-03 21:04:53.894 [main] log4j - Грешни данни
[DEBUG] 2019-12-03 21:22:14.669 [main] log4j - Логнат
[INFO ] 2019-12-03 21:22:14.670 [main] log4j - Успешно влязъл
[WARN ] 2019-12-03 21:22:14.670 [main] log4j - Внимание
[ERROR] 2019-12-03 21:22:14.671 [main] log4j - Появи се грешка при логване
[FATAL] 2019-12-03 21:22:14.671 [main] log4j - Грешни данни
[DEBUG] 2019-12-03 21:43:26.123 [main] log4j - Логнат
[INFO ] 2019-12-03 21:43:26.124 [main] log4j - Успешно влязъл
[WARN ] 2019-12-03 21:43:26.124 [main] log4j - Внимание
[ERROR] 2019-12-03 21:43:26.124 [main] log4j - Появи се грешка при логване
[FATAL] 2019-12-03 21:43:26.125 [main] log4j - Грешни данни
[DEBUG] 2019-12-04 01:02:49.112 [main] log4j - Логнат
[INFO ] 2019-12-04 01:02:49.113 [main] log4j - Успешно влязъл
[WARN ] 2019-12-04 01:02:49.113 [main] log4j - Внимание
[ERROR] 2019-12-04 01:02:49.113 [main] log4j - Появи се грешка при логване
[FATAL] 2019-12-04 01:02:49.114 [main] log4j - Грешни данни
[DEBUG] 2019-12-04 11:43:25.059 [main] log4j - Логнат
[INFO ] 2019-12-04 11:43:25.061 [main] log4j - Успешно влязъл
[WARN ] 2019-12-04 11:43:25.061 [main] log4j - Внимание
[ERROR] 2019-12-04 11:43:25.061 [main] log4j - Появи се грешка при логване
[FATAL] 2019-12-04 11:43:25.061 [main] log4j - Грешни данни
[DEBUG] 2019-12-04 11:48:58.940 [main] log4j - Логнат
[INFO ] 2019-12-04 11:48:58.941 [main] log4j - Успешно влязъл
[WARN ] 2019-12-04 11:48:58.941 [main] log4j - Внимание
[ERROR] 2019-12-04 11:48:58.942 [main] log4j - Появи се грешка при логване
[FATAL] 2019-12-04 11:48:58.942 [main] log4j - Грешни данни
[DEBUG] 2019-12-04 12:07:13.681 [main] log4j - Логнат
[INFO ] 2019-12-04 12:07:13.683 [main] log4j - Успешно влязъл
[WARN ] 2019-12-04 12:07:13.683 [main] log4j - Внимание
[ERROR] 2019-12-04 12:07:13.684 [main] log4j - Появи се грешка при логване
[FATAL] 2019-12-04 12:07:13.684 [main] log4j - Грешни данни
[DEBUG] 2019-12-04 12:08:26.056 [main] log4j - Логнат
[INFO ] 2019-12-04 12:08:26.057 [main] log4j - Успешно влязъл
[WARN ] 2019-12-04 12:08:26.057 [main] log4j - Внимание
[ERROR] 2019-12-04 12:08:26.057 [main] log4j - Появи се грешка при логване
[FATAL] 2019-12-04 12:08:26.058 [main] log4j - Грешни данни
[DEBUG] 2019-12-04 12:10:59.483 [main] log4j - Логнат
[INFO ] 2019-12-04 12:10:59.484 [main] log4j - Успешно влязъл
[WARN ] 2019-12-04 12:10:59.485 [main] log4j - Внимание
[ERROR] 2019-12-04 12:10:59.485 [main] log4j - Появи се грешка при логване
[FATAL] 2019-12-04 12:10:59.485 [main] log4j - Грешни данни
[DEBUG] 2019-12-04 12:17:53.773 [main] log4j - Логнат
[INFO ] 2019-12-04 12:17:53.774 [main] log4j - Успешно влязъл
[WARN ] 2019-12-04 12:17:53.774 [main] log4j - Внимание
[ERROR] 2019-12-04 12:17:53.774 [main] log4j - Появи се грешка при логване
[FATAL] 2019-12-04 12:17:53.774 [main] log4j - Грешни данни
[DEBUG] 2019-12-04 12:23:47.383 [main] log4j - Логнат
[INFO ] 2019-12-04 12:23:47.384 [main] log4j - Успешно влязъл
[WARN ] 2019-12-04 12:23:47.385 [main] log4j - Внимание
[ERROR] 2019-12-04 12:23:47.385 [main] log4j - Появи се грешка при логване
[FATAL] 2019-12-04 12:23:47.385 [main] log4j - Грешни данни
[DEBUG] 2019-12-04 12:29:36.381 [main] log4j - Логнат
[INFO ] 2019-12-04 12:29:36.382 [main] log4j - Успешно влязъл
[WARN ] 2019-12-04 12:29:36.382 [main] log4j - Внимание
[ERROR] 2019-12-04 12:29:36.383 [main] log4j - Появи се грешка при логване
[FATAL] 2019-12-04 12:29:36.383 [main] log4j - Грешни данни
[DEBUG] 2019-12-04 12:33:14.929 [main] log4j - Логнат
[INFO ] 2019-12-04 12:33:14.931 [main] log4j - Успешно влязъл
[WARN ] 2019-12-04 12:33:14.931 [main] log4j - Внимание
[ERROR] 2019-12-04 12:33:14.931 [main] log4j - Появи се грешка при логване
[FATAL] 2019-12-04 12:33:14.931 [main] log4j - Грешни данни
[DEBUG] 2019-12-04 12:39:26.057 [main] log4j - Логнат
[INFO ] 2019-12-04 12:39:26.059 [main] log4j - Успешно влязъл
[WARN ] 2019-12-04 12:39:26.059 [main] log4j - Внимание
[ERROR] 2019-12-04 12:39:26.059 [main] log4j - Появи се грешка при логване
[FATAL] 2019-12-04 12:39:26.059 [main] log4j - Грешни данни
[DEBUG] 2019-12-04 12:41:18.719 [main] log4j - Логнат
[DEBUG] 2019-12-04 12:41:51.139 [main] log4j - Логнат
[DEBUG] 2019-12-04 12:42:19.118 [main] log4j - Логнат
[DEBUG] 2019-12-04 20:48:39.455 [main] log4j - Логнат
[DEBUG] 2019-12-04 21:24:08.132 [main] log4j - Логнат
[DEBUG] 2019-12-05 00:07:42.962 [main] log4j - Логнат
[DEBUG] 2019-12-05 00:08:31.451 [main] log4j - Логнат
[DEBUG] 2019-12-05 00:10:47.844 [main] log4j - Логнат
[DEBUG] 2019-12-05 00:14:53.648 [main] log4j - Логнат
[DEBUG] 2019-12-05 12:36:09.100 [main] log4j - Логнат
[DEBUG] 2019-12-05 12:40:42.949 [main] log4j - Логнат
[DEBUG] 2019-12-05 12:42:52.435 [main] log4j - Логнат
[DEBUG] 2019-12-05 12:50:13.418 [main] log4j - Логнат
[DEBUG] 2019-12-05 12:57:47.382 [main] log4j - Логнат
[DEBUG] 2019-12-05 12:58:42.171 [main] log4j - Логнат
[DEBUG] 2019-12-05 19:54:44.514 [main] log4j - Логнат
